<?xml version="1.0" encoding="UTF-8"?>
<coverage generated="1599637457386" clover="3.2.0">
  <project timestamp="1599637457386" name="All files">
    <metrics statements="2" coveredstatements="2" conditionals="0" coveredconditionals="0" methods="0" coveredmethods="0" elements="2" coveredelements="2" complexity="0" loc="2" ncloc="2" packages="1" files="2" classes="2"/>
    <file name="Category.js" path="C:\MyNote app\t2-backendapi-anjanathapamagar\Models\Category.js">
      <metrics statements="1" coveredstatements="1" conditionals="0" coveredconditionals="0" methods="0" coveredmethods="0"/>
      <line num="4" count="1" type="stmt"/>
    </file>
    <file name="Note.js" path="C:\MyNote app\t2-backendapi-anjanathapamagar\Models\Note.js">
      <metrics statements="1" coveredstatements="1" conditionals="0" coveredconditionals="0" methods="0" coveredmethods="0"/>
      <line num="6" count="1" type="stmt"/>
    </file>
  </project>
</coverage>
