{"C:\\MyNote app\\t2-backendapi-anjanathapamagar\\Models\\Category.js": {"path":"C:\\MyNote app\\t2-backendapi-anjanathapamagar\\Models\\Category.js","statementMap":{"0":{"start":{"line":4,"column":23},"end":{"line":22,"column":22}}},"fnMap":{},"branchMap":{},"s":{"0":1},"f":{},"b":{},"_coverageSchema":"1a1c01bbd47fc00a2c39e90264f33305004495a9","hash":"5f736b80c3bf7db32323cbb078b7a869324f1b09"}
,"C:\\MyNote app\\t2-backendapi-anjanathapamagar\\Models\\Note.js": {"path":"C:\\MyNote app\\t2-backendapi-anjanathapamagar\\Models\\Note.js","statementMap":{"0":{"start":{"line":6,"column":19},"end":{"line":31,"column":2}}},"fnMap":{},"branchMap":{},"s":{"0":1},"f":{},"b":{},"_coverageSchema":"1a1c01bbd47fc00a2c39e90264f33305004495a9","hash":"6d8727fbd3fddeb733a4f9eb89f2519af4b33aa6"}
}
